{"D:\\Curso\\curso-testes-javascript\\test-javascript-application\\projeto1\\src\\lib\\Cart.js": {"path":"D:\\Curso\\curso-testes-javascript\\test-javascript-application\\projeto1\\src\\lib\\Cart.js","statementMap":{"0":{"start":{"line":5,"column":37},"end":{"line":10,"column":1}},"1":{"start":{"line":6,"column":2},"end":{"line":8,"column":3}},"2":{"start":{"line":7,"column":5},"end":{"line":7,"column":57}},"3":{"start":{"line":9,"column":2},"end":{"line":9,"column":28}},"4":{"start":{"line":12,"column":35},"end":{"line":18,"column":1}},"5":{"start":{"line":13,"column":17},"end":{"line":13,"column":40}},"6":{"start":{"line":14,"column":2},"end":{"line":16,"column":3}},"7":{"start":{"line":15,"column":4},"end":{"line":15,"column":47}},"8":{"start":{"line":17,"column":2},"end":{"line":17,"column":28}},"9":{"start":{"line":20,"column":14},"end":{"line":20,"column":20}},"10":{"start":{"line":22,"column":0},"end":{"line":22,"column":30}},"11":{"start":{"line":23,"column":0},"end":{"line":23,"column":27}},"12":{"start":{"line":26,"column":10},"end":{"line":26,"column":12}},"13":{"start":{"line":28,"column":23},"end":{"line":28,"column":48}},"14":{"start":{"line":29,"column":4},"end":{"line":31,"column":5}},"15":{"start":{"line":30,"column":6},"end":{"line":30,"column":37}},"16":{"start":{"line":32,"column":4},"end":{"line":32,"column":26}},"17":{"start":{"line":36,"column":4},"end":{"line":36,"column":36}},"18":{"start":{"line":39,"column":4},"end":{"line":50,"column":29}},"19":{"start":{"line":40,"column":21},"end":{"line":40,"column":74}},"20":{"start":{"line":41,"column":22},"end":{"line":41,"column":41}},"21":{"start":{"line":43,"column":6},"end":{"line":47,"column":7}},"22":{"start":{"line":44,"column":8},"end":{"line":44,"column":62}},"23":{"start":{"line":45,"column":12},"end":{"line":47,"column":7}},"24":{"start":{"line":46,"column":8},"end":{"line":46,"column":60}},"25":{"start":{"line":49,"column":6},"end":{"line":49,"column":48}},"26":{"start":{"line":54,"column":18},"end":{"line":54,"column":45}},"27":{"start":{"line":55,"column":18},"end":{"line":55,"column":28}},"28":{"start":{"line":57,"column":4},"end":{"line":60,"column":6}},"29":{"start":{"line":64,"column":29},"end":{"line":64,"column":43}},"30":{"start":{"line":66,"column":4},"end":{"line":66,"column":20}},"31":{"start":{"line":68,"column":4},"end":{"line":71,"column":6}}},"fnMap":{"0":{"name":"(anonymous_0)","decl":{"start":{"line":5,"column":37},"end":{"line":5,"column":38}},"loc":{"start":{"line":5,"column":55},"end":{"line":10,"column":1}},"line":5},"1":{"name":"(anonymous_1)","decl":{"start":{"line":12,"column":35},"end":{"line":12,"column":36}},"loc":{"start":{"line":12,"column":53},"end":{"line":18,"column":1}},"line":12},"2":{"name":"(anonymous_2)","decl":{"start":{"line":27,"column":2},"end":{"line":27,"column":3}},"loc":{"start":{"line":27,"column":12},"end":{"line":33,"column":3}},"line":27},"3":{"name":"(anonymous_3)","decl":{"start":{"line":35,"column":2},"end":{"line":35,"column":3}},"loc":{"start":{"line":35,"column":18},"end":{"line":37,"column":3}},"line":35},"4":{"name":"(anonymous_4)","decl":{"start":{"line":38,"column":2},"end":{"line":38,"column":3}},"loc":{"start":{"line":38,"column":13},"end":{"line":51,"column":3}},"line":38},"5":{"name":"(anonymous_5)","decl":{"start":{"line":39,"column":29},"end":{"line":39,"column":30}},"loc":{"start":{"line":39,"column":44},"end":{"line":50,"column":5}},"line":39},"6":{"name":"(anonymous_6)","decl":{"start":{"line":53,"column":2},"end":{"line":53,"column":3}},"loc":{"start":{"line":53,"column":12},"end":{"line":61,"column":3}},"line":53},"7":{"name":"(anonymous_7)","decl":{"start":{"line":63,"column":2},"end":{"line":63,"column":3}},"loc":{"start":{"line":63,"column":13},"end":{"line":72,"column":3}},"line":63}},"branchMap":{"0":{"loc":{"start":{"line":6,"column":2},"end":{"line":8,"column":3}},"type":"if","locations":[{"start":{"line":6,"column":2},"end":{"line":8,"column":3}},{"start":{},"end":{}}],"line":6},"1":{"loc":{"start":{"line":6,"column":5},"end":{"line":6,"column":73}},"type":"binary-expr","locations":[{"start":{"line":6,"column":5},"end":{"line":6,"column":31}},{"start":{"line":6,"column":35},"end":{"line":6,"column":73}}],"line":6},"2":{"loc":{"start":{"line":14,"column":2},"end":{"line":16,"column":3}},"type":"if","locations":[{"start":{"line":14,"column":2},"end":{"line":16,"column":3}},{"start":{},"end":{}}],"line":14},"3":{"loc":{"start":{"line":14,"column":5},"end":{"line":14,"column":72}},"type":"binary-expr","locations":[{"start":{"line":14,"column":5},"end":{"line":14,"column":29}},{"start":{"line":14,"column":33},"end":{"line":14,"column":72}}],"line":14},"4":{"loc":{"start":{"line":15,"column":29},"end":{"line":15,"column":45}},"type":"cond-expr","locations":[{"start":{"line":15,"column":38},"end":{"line":15,"column":40}},{"start":{"line":15,"column":43},"end":{"line":15,"column":45}}],"line":15},"5":{"loc":{"start":{"line":29,"column":4},"end":{"line":31,"column":5}},"type":"if","locations":[{"start":{"line":29,"column":4},"end":{"line":31,"column":5}},{"start":{},"end":{}}],"line":29},"6":{"loc":{"start":{"line":43,"column":6},"end":{"line":47,"column":7}},"type":"if","locations":[{"start":{"line":43,"column":6},"end":{"line":47,"column":7}},{"start":{"line":45,"column":12},"end":{"line":47,"column":7}}],"line":43},"7":{"loc":{"start":{"line":45,"column":12},"end":{"line":47,"column":7}},"type":"if","locations":[{"start":{"line":45,"column":12},"end":{"line":47,"column":7}},{"start":{},"end":{}}],"line":45}},"s":{"0":1,"1":2,"2":1,"3":1,"4":1,"5":3,"6":3,"7":2,"8":1,"9":1,"10":1,"11":1,"12":12,"13":15,"14":15,"15":1,"16":15,"17":1,"18":14,"19":15,"20":15,"21":15,"22":2,"23":13,"24":3,"25":15,"26":3,"27":3,"28":3,"29":2,"30":2,"31":2},"f":{"0":2,"1":3,"2":15,"3":1,"4":14,"5":15,"6":3,"7":2},"b":{"0":[1,1],"1":[2,2],"2":[2,1],"3":[3,3],"4":[1,1],"5":[1,14],"6":[2,13],"7":[3,10]},"_coverageSchema":"1a1c01bbd47fc00a2c39e90264f33305004495a9","hash":"193ad1ce21b4642e8f728db13fbe3dd138196bfc"}
,"D:\\Curso\\curso-testes-javascript\\test-javascript-application\\projeto1\\src\\lib\\calculator.js": {"path":"D:\\Curso\\curso-testes-javascript\\test-javascript-application\\projeto1\\src\\lib\\calculator.js","statementMap":{"0":{"start":{"line":2,"column":15},"end":{"line":2,"column":33}},"1":{"start":{"line":3,"column":15},"end":{"line":3,"column":33}},"2":{"start":{"line":4,"column":2},"end":{"line":6,"column":3}},"3":{"start":{"line":5,"column":4},"end":{"line":5,"column":47}},"4":{"start":{"line":7,"column":2},"end":{"line":7,"column":23}}},"fnMap":{"0":{"name":"sum","decl":{"start":{"line":1,"column":16},"end":{"line":1,"column":19}},"loc":{"start":{"line":1,"column":32},"end":{"line":8,"column":1}},"line":1}},"branchMap":{"0":{"loc":{"start":{"line":4,"column":2},"end":{"line":6,"column":3}},"type":"if","locations":[{"start":{"line":4,"column":2},"end":{"line":6,"column":3}},{"start":{},"end":{}}],"line":4},"1":{"loc":{"start":{"line":4,"column":6},"end":{"line":4,"column":46}},"type":"binary-expr","locations":[{"start":{"line":4,"column":6},"end":{"line":4,"column":24}},{"start":{"line":4,"column":28},"end":{"line":4,"column":46}}],"line":4}},"s":{"0":6,"1":6,"2":6,"3":4,"4":2},"f":{"0":6},"b":{"0":[4,2],"1":[6,3]},"_coverageSchema":"1a1c01bbd47fc00a2c39e90264f33305004495a9","hash":"a42ec24c8f2ff0bebd4274237d5101b74a5df499"}
,"D:\\Curso\\curso-testes-javascript\\test-javascript-application\\projeto1\\src\\lib\\queryString.js": {"path":"D:\\Curso\\curso-testes-javascript\\test-javascript-application\\projeto1\\src\\lib\\queryString.js","statementMap":{"0":{"start":{"line":1,"column":25},"end":{"line":6,"column":1}},"1":{"start":{"line":2,"column":2},"end":{"line":4,"column":3}},"2":{"start":{"line":3,"column":4},"end":{"line":3,"column":48}},"3":{"start":{"line":5,"column":2},"end":{"line":5,"column":27}},"4":{"start":{"line":9,"column":2},"end":{"line":9,"column":61}},"5":{"start":{"line":13,"column":2},"end":{"line":21,"column":4}},"6":{"start":{"line":15,"column":25},"end":{"line":15,"column":40}},"7":{"start":{"line":16,"column":6},"end":{"line":18,"column":7}},"8":{"start":{"line":17,"column":8},"end":{"line":17,"column":33}},"9":{"start":{"line":19,"column":6},"end":{"line":19,"column":26}}},"fnMap":{"0":{"name":"(anonymous_0)","decl":{"start":{"line":1,"column":25},"end":{"line":1,"column":26}},"loc":{"start":{"line":1,"column":43},"end":{"line":6,"column":1}},"line":1},"1":{"name":"queryString","decl":{"start":{"line":8,"column":16},"end":{"line":8,"column":27}},"loc":{"start":{"line":8,"column":33},"end":{"line":10,"column":1}},"line":8},"2":{"name":"parse","decl":{"start":{"line":12,"column":16},"end":{"line":12,"column":21}},"loc":{"start":{"line":12,"column":30},"end":{"line":22,"column":1}},"line":12},"3":{"name":"(anonymous_3)","decl":{"start":{"line":14,"column":26},"end":{"line":14,"column":27}},"loc":{"start":{"line":14,"column":34},"end":{"line":20,"column":5}},"line":14}},"branchMap":{"0":{"loc":{"start":{"line":2,"column":2},"end":{"line":4,"column":3}},"type":"if","locations":[{"start":{"line":2,"column":2},"end":{"line":4,"column":3}},{"start":{},"end":{}}],"line":2},"1":{"loc":{"start":{"line":2,"column":6},"end":{"line":2,"column":56}},"type":"binary-expr","locations":[{"start":{"line":2,"column":6},"end":{"line":2,"column":31}},{"start":{"line":2,"column":35},"end":{"line":2,"column":56}}],"line":2},"2":{"loc":{"start":{"line":16,"column":6},"end":{"line":18,"column":7}},"type":"if","locations":[{"start":{"line":16,"column":6},"end":{"line":18,"column":7}},{"start":{},"end":{}}],"line":16}},"s":{"0":1,"1":6,"2":1,"3":5,"4":3,"5":3,"6":5,"7":5,"8":1,"9":5},"f":{"0":6,"1":3,"2":3,"3":5},"b":{"0":[1,5],"1":[6,2],"2":[1,4]},"_coverageSchema":"1a1c01bbd47fc00a2c39e90264f33305004495a9","hash":"64f720df1e28da4234f143e7af874cc7a079b177"}
}
