TN:
SF:src\lib\calculator.js
FN:1,(anonymous_0)
FNF:1
FNH:1
FNDA:6,(anonymous_0)
DA:1,1
DA:2,6
DA:3,6
DA:4,6
DA:5,4
DA:7,2
LF:6
LH:6
BRDA:4,0,0,4
BRDA:4,0,1,2
BRDA:4,1,0,6
BRDA:4,1,1,3
BRF:4
BRH:4
end_of_record
TN:
SF:src\lib\queryString.js
FN:1,(anonymous_0)
FN:8,(anonymous_1)
FN:11,(anonymous_2)
FN:13,(anonymous_3)
FNF:4
FNH:4
FNDA:6,(anonymous_0)
FNDA:3,(anonymous_1)
FNDA:3,(anonymous_2)
FNDA:5,(anonymous_3)
DA:1,1
DA:2,6
DA:3,1
DA:5,5
DA:8,1
DA:9,3
DA:11,1
DA:12,3
DA:14,5
DA:15,5
DA:16,1
DA:18,5
LF:12
LH:12
BRDA:2,0,0,1
BRDA:2,0,1,5
BRDA:2,1,0,6
BRDA:2,1,1,2
BRDA:15,2,0,1
BRDA:15,2,1,4
BRF:6
BRH:6
end_of_record
