TN:
SF:src\lib\Cart.js
FN:5,(anonymous_0)
FN:12,(anonymous_1)
FN:27,(anonymous_2)
FN:35,(anonymous_3)
FN:38,(anonymous_4)
FN:39,(anonymous_5)
FN:53,(anonymous_6)
FN:63,(anonymous_7)
FNF:8
FNH:8
FNDA:2,(anonymous_0)
FNDA:3,(anonymous_1)
FNDA:15,(anonymous_2)
FNDA:1,(anonymous_3)
FNDA:14,(anonymous_4)
FNDA:15,(anonymous_5)
FNDA:3,(anonymous_6)
FNDA:2,(anonymous_7)
DA:5,1
DA:6,2
DA:7,1
DA:9,1
DA:12,1
DA:13,3
DA:14,3
DA:15,2
DA:17,1
DA:20,1
DA:22,1
DA:23,1
DA:26,12
DA:28,15
DA:29,15
DA:30,1
DA:32,15
DA:36,1
DA:39,14
DA:40,15
DA:41,15
DA:43,15
DA:44,2
DA:45,13
DA:46,3
DA:49,15
DA:54,3
DA:55,3
DA:57,3
DA:64,2
DA:66,2
DA:68,2
LF:32
LH:32
BRDA:6,0,0,1
BRDA:6,0,1,1
BRDA:6,1,0,2
BRDA:6,1,1,2
BRDA:14,2,0,2
BRDA:14,2,1,1
BRDA:14,3,0,3
BRDA:14,3,1,3
BRDA:15,4,0,1
BRDA:15,4,1,1
BRDA:29,5,0,1
BRDA:29,5,1,14
BRDA:43,6,0,2
BRDA:43,6,1,13
BRDA:45,7,0,3
BRDA:45,7,1,10
BRF:16
BRH:16
end_of_record
TN:
SF:src\lib\calculator.js
FN:1,sum
FNF:1
FNH:1
FNDA:6,sum
DA:2,6
DA:3,6
DA:4,6
DA:5,4
DA:7,2
LF:5
LH:5
BRDA:4,0,0,4
BRDA:4,0,1,2
BRDA:4,1,0,6
BRDA:4,1,1,3
BRF:4
BRH:4
end_of_record
TN:
SF:src\lib\queryString.js
FN:1,(anonymous_0)
FN:8,queryString
FN:12,parse
FN:14,(anonymous_3)
FNF:4
FNH:4
FNDA:6,(anonymous_0)
FNDA:3,queryString
FNDA:3,parse
FNDA:5,(anonymous_3)
DA:1,1
DA:2,6
DA:3,1
DA:5,5
DA:9,3
DA:13,3
DA:15,5
DA:16,5
DA:17,1
DA:19,5
LF:10
LH:10
BRDA:2,0,0,1
BRDA:2,0,1,5
BRDA:2,1,0,6
BRDA:2,1,1,2
BRDA:16,2,0,1
BRDA:16,2,1,4
BRF:6
BRH:6
end_of_record
